  Building Custom Rule C:/Users/Victo/Desktop/pycdc-master/CMakeLists.txt
  bytecode.cpp
  data.cpp
  pyc_code.cpp
  pyc_module.cpp
  pyc_numeric.cpp
  pyc_object.cpp
  pyc_sequence.cpp
  pyc_string.cpp
  python_1_0.cpp
  python_1_1.cpp
  python_1_3.cpp
  python_1_4.cpp
  python_1_5.cpp
  python_1_6.cpp
  python_2_0.cpp
  python_2_1.cpp
  python_2_2.cpp
  python_2_3.cpp
  python_2_4.cpp
  python_2_5.cpp
  正在生成代码...
  正在编译...
  python_2_6.cpp
  python_2_7.cpp
  python_3_0.cpp
  python_3_1.cpp
  python_3_2.cpp
  python_3_3.cpp
  python_3_4.cpp
  python_3_5.cpp
  python_3_6.cpp
  python_3_7.cpp
  python_3_8.cpp
  python_3_9.cpp
  python_3_10.cpp
  python_3_11.cpp
  python_3_12.cpp
  python_3_13.cpp
  正在生成代码...
  pycxx.vcxproj -> C:\Users\Victo\Desktop\pycdc-master\Debug\pycxx.lib
